<?xml version="1.0" encoding="UTF-8"?>
<!-- Generated by org.testng.reporters.JUnitXMLReporter -->
<testsuite ignored="0" hostname="LAPTOP-4MC0EVH3" failures="1" tests="1" name="EdgeTests" time="128.013" errors="0" timestamp="2022-11-07T15:11:40 IST">
  <testcase classname="testCases.TC_002_Login" name="test_Login" time="49.415">
    <failure type="java.lang.AssertionError" message="expected [true] but found [false]">
      <![CDATA[java.lang.AssertionError: expected [true] but found [false]
at testCases.TC_002_Login.test_Login(TC_002_Login.java:54)
at java.base/java.util.ArrayList.forEach(ArrayList.java:1511)
... Removed 31 stack frames]]>
    </failure>
  </testcase> <!-- test_Login -->
</testsuite> <!-- EdgeTests -->
