<?xml version="1.0" encoding="UTF-8"?>
<testng-results ignored="0" total="1" passed="1" failed="0" skipped="0">
  <reporter-output>
  </reporter-output>
  <suite started-at="2022-11-08T10:41:15 IST" name="OpenCart Test Suite" finished-at="2022-11-08T10:42:21 IST" duration-ms="65875">
    <groups>
    </groups>
    <test started-at="2022-11-08T10:41:15 IST" name="OpenCart Tests" finished-at="2022-11-08T10:42:21 IST" duration-ms="65875">
      <class name="testCases.TC_001_AccountRegistration">
        <test-method is-config="true" signature="setup(java.lang.String)[pri:0, instance:testCases.TC_001_AccountRegistration@54422e18]" started-at="2022-11-08T10:41:15 IST" name="setup" finished-at="2022-11-08T10:41:47 IST" duration-ms="31431" status="PASS">
          <params>
            <param index="0">
              <value>
                <![CDATA[chrome]]>
              </value>
            </param>
          </params>
          <reporter-output>
          </reporter-output>
        </test-method> <!-- setup -->
        <test-method signature="test_accout_Registration()[pri:0, instance:testCases.TC_001_AccountRegistration@54422e18]" started-at="2022-11-08T10:41:47 IST" name="test_accout_Registration" finished-at="2022-11-08T10:42:15 IST" duration-ms="27973" status="PASS">
          <reporter-output>
          </reporter-output>
        </test-method> <!-- test_accout_Registration -->
        <test-method is-config="true" signature="tearDown()[pri:0, instance:testCases.TC_001_AccountRegistration@54422e18]" started-at="2022-11-08T10:42:18 IST" name="tearDown" finished-at="2022-11-08T10:42:21 IST" duration-ms="3229" status="PASS">
          <reporter-output>
          </reporter-output>
        </test-method> <!-- tearDown -->
      </class> <!-- testCases.TC_001_AccountRegistration -->
    </test> <!-- OpenCart Tests -->
  </suite> <!-- OpenCart Test Suite -->
</testng-results>
